2016-06-28 12:47:35,059 - [INFO] - from play in pool-4-thread-6 
Listening for HTTP on /0:0:0:0:0:0:0:0:9000

2016-06-28 12:49:05,214 - [INFO] - from play in play-internal-execution-context-1 
database [default] connected at jdbc:mysql://10.73.33.41/playdb?useUnicode=true&characterEncoding=utf-8

2016-06-28 12:49:05,365 - [INFO] - from play in play-internal-execution-context-1 
Application started (Dev)

2016-06-28 12:49:33,429 - [ERROR] - from application in play-akka.actor.default-dispatcher-10 


! @70h41l2ac - Internal server error, for (GET) [/job] ->

play.api.Application$$anon$1: Execution exception[[RuntimeException: java.lang.NoSuchMethodError: akka.util.Helpers$.ConfigOps(Lcom/typesafe/config/Config;)Lcom/typesafe/config/Config;]]
	at play.api.Application$class.handleError(Application.scala:293) ~[play_2.10-2.2.6.jar:2.2.6]
	at play.api.DefaultApplication.handleError(Application.scala:399) [play_2.10-2.2.6.jar:2.2.6]
	at play.core.server.netty.PlayDefaultUpstreamHandler$$anonfun$13$$anonfun$apply$1.applyOrElse(PlayDefaultUpstreamHandler.scala:170) [play_2.10-2.2.6.jar:2.2.6]
	at play.core.server.netty.PlayDefaultUpstreamHandler$$anonfun$13$$anonfun$apply$1.applyOrElse(PlayDefaultUpstreamHandler.scala:167) [play_2.10-2.2.6.jar:2.2.6]
	at scala.runtime.AbstractPartialFunction.apply(AbstractPartialFunction.scala:33) [scala-library-2.10.4.jar:na]
	at scala.util.Failure$$anonfun$recover$1.apply(Try.scala:185) [scala-library-2.10.4.jar:na]
	at scala.util.Try$.apply(Try.scala:161) [scala-library-2.10.4.jar:na]
	at scala.util.Failure.recover(Try.scala:185) [scala-library-2.10.4.jar:na]
	at scala.concurrent.Future$$anonfun$recover$1.apply(Future.scala:324) [scala-library-2.10.4.jar:na]
	at scala.concurrent.Future$$anonfun$recover$1.apply(Future.scala:324) [scala-library-2.10.4.jar:na]
	at scala.concurrent.impl.CallbackRunnable.run(Promise.scala:32) [scala-library-2.10.4.jar:na]
	at play.api.libs.iteratee.Execution$$anon$1.execute(Execution.scala:43) [play-iteratees_2.10-2.2.6.jar:2.2.6]
	at scala.concurrent.impl.CallbackRunnable.executeWithValue(Promise.scala:40) [scala-library-2.10.4.jar:na]
	at scala.concurrent.impl.Promise$DefaultPromise.tryComplete(Promise.scala:248) [scala-library-2.10.4.jar:na]
	at scala.concurrent.Promise$class.complete(Promise.scala:55) [scala-library-2.10.4.jar:na]
	at scala.concurrent.impl.Promise$DefaultPromise.complete(Promise.scala:153) [scala-library-2.10.4.jar:na]
	at scala.concurrent.Future$$anonfun$flatMap$1.apply(Future.scala:249) [scala-library-2.10.4.jar:na]
	at scala.concurrent.Future$$anonfun$flatMap$1.apply(Future.scala:249) [scala-library-2.10.4.jar:na]
	at scala.concurrent.impl.CallbackRunnable.run(Promise.scala:32) [scala-library-2.10.4.jar:na]
	at play.api.libs.iteratee.Execution$$anon$2.execute(Execution.scala:70) [play-iteratees_2.10-2.2.6.jar:2.2.6]
	at scala.concurrent.impl.CallbackRunnable.executeWithValue(Promise.scala:40) [scala-library-2.10.4.jar:na]
	at scala.concurrent.impl.Promise$DefaultPromise.tryComplete(Promise.scala:248) [scala-library-2.10.4.jar:na]
	at scala.concurrent.Promise$class.complete(Promise.scala:55) [scala-library-2.10.4.jar:na]
	at scala.concurrent.impl.Promise$DefaultPromise.complete(Promise.scala:153) [scala-library-2.10.4.jar:na]
	at scala.concurrent.impl.Future$PromiseCompletingRunnable.run(Future.scala:23) [scala-library-2.10.4.jar:na]
	at akka.dispatch.TaskInvocation.run(AbstractDispatcher.scala:42) [akka-actor_2.10-2.2.0.jar:2.2.0]
	at akka.dispatch.ForkJoinExecutorConfigurator$AkkaForkJoinTask.exec(AbstractDispatcher.scala:386) [akka-actor_2.10-2.2.0.jar:2.2.0]
	at scala.concurrent.forkjoin.ForkJoinTask.doExec(ForkJoinTask.java:260) [scala-library-2.10.4.jar:na]
	at scala.concurrent.forkjoin.ForkJoinPool$WorkQueue.runTask(ForkJoinPool.java:1339) [scala-library-2.10.4.jar:na]
	at scala.concurrent.forkjoin.ForkJoinPool.runWorker(ForkJoinPool.java:1979) [scala-library-2.10.4.jar:na]
	at scala.concurrent.forkjoin.ForkJoinWorkerThread.run(ForkJoinWorkerThread.java:107) [scala-library-2.10.4.jar:na]
Caused by: java.lang.RuntimeException: java.lang.NoSuchMethodError: akka.util.Helpers$.ConfigOps(Lcom/typesafe/config/Config;)Lcom/typesafe/config/Config;
	at play.api.mvc.ActionBuilder$$anon$1.apply(Action.scala:314) ~[play_2.10-2.2.6.jar:2.2.6]
	at play.api.mvc.Action$$anonfun$apply$1$$anonfun$apply$4$$anonfun$apply$5.apply(Action.scala:109) ~[play_2.10-2.2.6.jar:2.2.6]
	at play.api.mvc.Action$$anonfun$apply$1$$anonfun$apply$4$$anonfun$apply$5.apply(Action.scala:109) ~[play_2.10-2.2.6.jar:2.2.6]
	at play.utils.Threads$.withContextClassLoader(Threads.scala:18) ~[play_2.10-2.2.6.jar:2.2.6]
	at play.api.mvc.Action$$anonfun$apply$1$$anonfun$apply$4.apply(Action.scala:108) ~[play_2.10-2.2.6.jar:2.2.6]
	at play.api.mvc.Action$$anonfun$apply$1$$anonfun$apply$4.apply(Action.scala:107) ~[play_2.10-2.2.6.jar:2.2.6]
	at scala.Option.map(Option.scala:145) ~[scala-library-2.10.4.jar:na]
	at play.api.mvc.Action$$anonfun$apply$1.apply(Action.scala:107) ~[play_2.10-2.2.6.jar:2.2.6]
	at play.api.mvc.Action$$anonfun$apply$1.apply(Action.scala:100) ~[play_2.10-2.2.6.jar:2.2.6]
	at play.api.libs.iteratee.Iteratee$$anonfun$mapM$1.apply(Iteratee.scala:481) ~[play-iteratees_2.10-2.2.6.jar:2.2.6]
	at play.api.libs.iteratee.Iteratee$$anonfun$mapM$1.apply(Iteratee.scala:481) ~[play-iteratees_2.10-2.2.6.jar:2.2.6]
	at play.api.libs.iteratee.Iteratee$$anonfun$flatMapM$1.apply(Iteratee.scala:517) ~[play-iteratees_2.10-2.2.6.jar:2.2.6]
	at play.api.libs.iteratee.Iteratee$$anonfun$flatMapM$1.apply(Iteratee.scala:517) ~[play-iteratees_2.10-2.2.6.jar:2.2.6]
	at play.api.libs.iteratee.Iteratee$$anonfun$flatMap$1$$anonfun$apply$13.apply(Iteratee.scala:493) ~[play-iteratees_2.10-2.2.6.jar:2.2.6]
	at play.api.libs.iteratee.Iteratee$$anonfun$flatMap$1$$anonfun$apply$13.apply(Iteratee.scala:493) ~[play-iteratees_2.10-2.2.6.jar:2.2.6]
	at scala.concurrent.impl.Future$PromiseCompletingRunnable.liftedTree1$1(Future.scala:24) [scala-library-2.10.4.jar:na]
	at scala.concurrent.impl.Future$PromiseCompletingRunnable.run(Future.scala:24) [scala-library-2.10.4.jar:na]
	... 6 common frames omitted
Caused by: java.lang.NoSuchMethodError: akka.util.Helpers$.ConfigOps(Lcom/typesafe/config/Config;)Lcom/typesafe/config/Config;
	at akka.remote.RemoteSettings.<init>(RemoteSettings.scala:48) ~[akka-remote_2.10-2.3.4-spark.jar:na]
	at akka.remote.RemoteActorRefProvider.<init>(RemoteActorRefProvider.scala:114) ~[akka-remote_2.10-2.3.4-spark.jar:na]
	at sun.reflect.NativeConstructorAccessorImpl.newInstance0(Native Method) ~[na:1.8.0]
	at sun.reflect.NativeConstructorAccessorImpl.newInstance(NativeConstructorAccessorImpl.java:62) ~[na:1.8.0]
	at sun.reflect.DelegatingConstructorAccessorImpl.newInstance(DelegatingConstructorAccessorImpl.java:45) ~[na:1.8.0]
	at java.lang.reflect.Constructor.newInstance(Constructor.java:408) ~[na:1.8.0]
	at akka.actor.ReflectiveDynamicAccess$$anonfun$createInstanceFor$2.apply(DynamicAccess.scala:78) ~[akka-actor_2.10-2.2.0.jar:2.2.0]
	at scala.util.Try$.apply(Try.scala:161) [scala-library-2.10.4.jar:na]
	at akka.actor.ReflectiveDynamicAccess.createInstanceFor(DynamicAccess.scala:73) ~[akka-actor_2.10-2.2.0.jar:2.2.0]
	at akka.actor.ReflectiveDynamicAccess$$anonfun$createInstanceFor$3.apply(DynamicAccess.scala:84) ~[akka-actor_2.10-2.2.0.jar:2.2.0]
	at akka.actor.ReflectiveDynamicAccess$$anonfun$createInstanceFor$3.apply(DynamicAccess.scala:84) ~[akka-actor_2.10-2.2.0.jar:2.2.0]
	at scala.util.Success.flatMap(Try.scala:200) ~[scala-library-2.10.4.jar:na]
	at akka.actor.ReflectiveDynamicAccess.createInstanceFor(DynamicAccess.scala:84) ~[akka-actor_2.10-2.2.0.jar:2.2.0]
	at akka.actor.ActorSystemImpl.<init>(ActorSystem.scala:550) ~[akka-actor_2.10-2.2.0.jar:2.2.0]
	at akka.actor.ActorSystem$.apply(ActorSystem.scala:111) ~[akka-actor_2.10-2.2.0.jar:2.2.0]
	at akka.actor.ActorSystem$.apply(ActorSystem.scala:104) ~[akka-actor_2.10-2.2.0.jar:2.2.0]
	at org.apache.spark.util.AkkaUtils$.org$apache$spark$util$AkkaUtils$$doCreateActorSystem(AkkaUtils.scala:122) ~[spark-core_2.10-1.4.1.jar:1.4.1]
	at org.apache.spark.util.AkkaUtils$$anonfun$1.apply(AkkaUtils.scala:54) ~[spark-core_2.10-1.4.1.jar:1.4.1]
	at org.apache.spark.util.AkkaUtils$$anonfun$1.apply(AkkaUtils.scala:53) ~[spark-core_2.10-1.4.1.jar:1.4.1]
	at org.apache.spark.util.Utils$$anonfun$startServiceOnPort$1.apply$mcVI$sp(Utils.scala:1991) ~[spark-core_2.10-1.4.1.jar:1.4.1]
	at scala.collection.immutable.Range.foreach$mVc$sp(Range.scala:141) ~[scala-library-2.10.4.jar:na]
	at org.apache.spark.util.Utils$.startServiceOnPort(Utils.scala:1982) ~[spark-core_2.10-1.4.1.jar:1.4.1]
	at org.apache.spark.util.AkkaUtils$.createActorSystem(AkkaUtils.scala:56) ~[spark-core_2.10-1.4.1.jar:1.4.1]
	at org.apache.spark.rpc.akka.AkkaRpcEnvFactory.create(AkkaRpcEnv.scala:245) ~[spark-core_2.10-1.4.1.jar:1.4.1]
	at org.apache.spark.rpc.RpcEnv$.create(RpcEnv.scala:52) ~[spark-core_2.10-1.4.1.jar:1.4.1]
	at org.apache.spark.SparkEnv$.create(SparkEnv.scala:247) ~[spark-core_2.10-1.4.1.jar:1.4.1]
	at org.apache.spark.SparkEnv$.createDriverEnv(SparkEnv.scala:188) ~[spark-core_2.10-1.4.1.jar:1.4.1]
	at org.apache.spark.SparkContext.createSparkEnv(SparkContext.scala:267) ~[spark-core_2.10-1.4.1.jar:1.4.1]
	at org.apache.spark.SparkContext.<init>(SparkContext.scala:424) ~[spark-core_2.10-1.4.1.jar:1.4.1]
	at controllers.SparkJar$$anonfun$job$1.apply(SparkJar.scala:108) ~[classes/:na]
	at controllers.SparkJar$$anonfun$job$1.apply(SparkJar.scala:104) ~[classes/:na]
	at play.api.mvc.ActionBuilder$$anonfun$apply$11.apply(Action.scala:255) ~[play_2.10-2.2.6.jar:2.2.6]
	at play.api.mvc.ActionBuilder$$anonfun$apply$11.apply(Action.scala:255) ~[play_2.10-2.2.6.jar:2.2.6]
	at play.api.mvc.ActionBuilder$$anonfun$apply$10.apply(Action.scala:221) ~[play_2.10-2.2.6.jar:2.2.6]
	at play.api.mvc.ActionBuilder$$anonfun$apply$10.apply(Action.scala:220) ~[play_2.10-2.2.6.jar:2.2.6]
	at play.api.mvc.Action$.invokeBlock(Action.scala:357) ~[play_2.10-2.2.6.jar:2.2.6]
	at play.api.mvc.ActionBuilder$$anon$1.apply(Action.scala:309) ~[play_2.10-2.2.6.jar:2.2.6]
	... 22 common frames omitted

2016-06-28 12:50:28,069 - [INFO] - from play in play-internal-execution-context-2 
database [default] connected at jdbc:mysql://10.73.33.41/playdb?useUnicode=true&characterEncoding=utf-8

2016-06-28 12:50:28,074 - [INFO] - from play in play-internal-execution-context-2 
Application started (Dev)

2016-06-28 12:50:28,107 - [ERROR] - from application in play-akka.actor.default-dispatcher-7 


! @70h41o57g - Internal server error, for (GET) [/job] ->

play.api.Application$$anon$1: Execution exception[[RuntimeException: java.lang.NoSuchMethodError: akka.util.Helpers$.ConfigOps(Lcom/typesafe/config/Config;)Lcom/typesafe/config/Config;]]
	at play.api.Application$class.handleError(Application.scala:293) ~[play_2.10-2.2.6.jar:2.2.6]
	at play.api.DefaultApplication.handleError(Application.scala:399) [play_2.10-2.2.6.jar:2.2.6]
	at play.core.server.netty.PlayDefaultUpstreamHandler$$anonfun$13$$anonfun$apply$1.applyOrElse(PlayDefaultUpstreamHandler.scala:170) [play_2.10-2.2.6.jar:2.2.6]
	at play.core.server.netty.PlayDefaultUpstreamHandler$$anonfun$13$$anonfun$apply$1.applyOrElse(PlayDefaultUpstreamHandler.scala:167) [play_2.10-2.2.6.jar:2.2.6]
	at scala.runtime.AbstractPartialFunction.apply(AbstractPartialFunction.scala:33) [scala-library-2.10.4.jar:na]
	at scala.util.Failure$$anonfun$recover$1.apply(Try.scala:185) [scala-library-2.10.4.jar:na]
	at scala.util.Try$.apply(Try.scala:161) [scala-library-2.10.4.jar:na]
	at scala.util.Failure.recover(Try.scala:185) [scala-library-2.10.4.jar:na]
	at scala.concurrent.Future$$anonfun$recover$1.apply(Future.scala:324) [scala-library-2.10.4.jar:na]
	at scala.concurrent.Future$$anonfun$recover$1.apply(Future.scala:324) [scala-library-2.10.4.jar:na]
	at scala.concurrent.impl.CallbackRunnable.run(Promise.scala:32) [scala-library-2.10.4.jar:na]
	at play.api.libs.iteratee.Execution$$anon$1.execute(Execution.scala:43) [play-iteratees_2.10-2.2.6.jar:2.2.6]
	at scala.concurrent.impl.CallbackRunnable.executeWithValue(Promise.scala:40) [scala-library-2.10.4.jar:na]
	at scala.concurrent.impl.Promise$DefaultPromise.tryComplete(Promise.scala:248) [scala-library-2.10.4.jar:na]
	at scala.concurrent.Promise$class.complete(Promise.scala:55) [scala-library-2.10.4.jar:na]
	at scala.concurrent.impl.Promise$DefaultPromise.complete(Promise.scala:153) [scala-library-2.10.4.jar:na]
	at scala.concurrent.Future$$anonfun$flatMap$1.apply(Future.scala:249) [scala-library-2.10.4.jar:na]
	at scala.concurrent.Future$$anonfun$flatMap$1.apply(Future.scala:249) [scala-library-2.10.4.jar:na]
	at scala.concurrent.impl.CallbackRunnable.run(Promise.scala:32) [scala-library-2.10.4.jar:na]
	at play.api.libs.iteratee.Execution$$anon$2.execute(Execution.scala:70) [play-iteratees_2.10-2.2.6.jar:2.2.6]
	at scala.concurrent.impl.CallbackRunnable.executeWithValue(Promise.scala:40) [scala-library-2.10.4.jar:na]
	at scala.concurrent.impl.Promise$DefaultPromise.tryComplete(Promise.scala:248) [scala-library-2.10.4.jar:na]
	at scala.concurrent.Promise$class.complete(Promise.scala:55) [scala-library-2.10.4.jar:na]
	at scala.concurrent.impl.Promise$DefaultPromise.complete(Promise.scala:153) [scala-library-2.10.4.jar:na]
	at scala.concurrent.impl.Future$PromiseCompletingRunnable.run(Future.scala:23) [scala-library-2.10.4.jar:na]
	at akka.dispatch.TaskInvocation.run(AbstractDispatcher.scala:42) [akka-actor_2.10-2.2.0.jar:2.2.0]
	at akka.dispatch.ForkJoinExecutorConfigurator$AkkaForkJoinTask.exec(AbstractDispatcher.scala:386) [akka-actor_2.10-2.2.0.jar:2.2.0]
	at scala.concurrent.forkjoin.ForkJoinTask.doExec(ForkJoinTask.java:260) [scala-library-2.10.4.jar:na]
	at scala.concurrent.forkjoin.ForkJoinPool$WorkQueue.runTask(ForkJoinPool.java:1339) [scala-library-2.10.4.jar:na]
	at scala.concurrent.forkjoin.ForkJoinPool.runWorker(ForkJoinPool.java:1979) [scala-library-2.10.4.jar:na]
	at scala.concurrent.forkjoin.ForkJoinWorkerThread.run(ForkJoinWorkerThread.java:107) [scala-library-2.10.4.jar:na]
Caused by: java.lang.RuntimeException: java.lang.NoSuchMethodError: akka.util.Helpers$.ConfigOps(Lcom/typesafe/config/Config;)Lcom/typesafe/config/Config;
	at play.api.mvc.ActionBuilder$$anon$1.apply(Action.scala:314) ~[play_2.10-2.2.6.jar:2.2.6]
	at play.api.mvc.Action$$anonfun$apply$1$$anonfun$apply$4$$anonfun$apply$5.apply(Action.scala:109) ~[play_2.10-2.2.6.jar:2.2.6]
	at play.api.mvc.Action$$anonfun$apply$1$$anonfun$apply$4$$anonfun$apply$5.apply(Action.scala:109) ~[play_2.10-2.2.6.jar:2.2.6]
	at play.utils.Threads$.withContextClassLoader(Threads.scala:18) ~[play_2.10-2.2.6.jar:2.2.6]
	at play.api.mvc.Action$$anonfun$apply$1$$anonfun$apply$4.apply(Action.scala:108) ~[play_2.10-2.2.6.jar:2.2.6]
	at play.api.mvc.Action$$anonfun$apply$1$$anonfun$apply$4.apply(Action.scala:107) ~[play_2.10-2.2.6.jar:2.2.6]
	at scala.Option.map(Option.scala:145) ~[scala-library-2.10.4.jar:na]
	at play.api.mvc.Action$$anonfun$apply$1.apply(Action.scala:107) ~[play_2.10-2.2.6.jar:2.2.6]
	at play.api.mvc.Action$$anonfun$apply$1.apply(Action.scala:100) ~[play_2.10-2.2.6.jar:2.2.6]
	at play.api.libs.iteratee.Iteratee$$anonfun$mapM$1.apply(Iteratee.scala:481) ~[play-iteratees_2.10-2.2.6.jar:2.2.6]
	at play.api.libs.iteratee.Iteratee$$anonfun$mapM$1.apply(Iteratee.scala:481) ~[play-iteratees_2.10-2.2.6.jar:2.2.6]
	at play.api.libs.iteratee.Iteratee$$anonfun$flatMapM$1.apply(Iteratee.scala:517) ~[play-iteratees_2.10-2.2.6.jar:2.2.6]
	at play.api.libs.iteratee.Iteratee$$anonfun$flatMapM$1.apply(Iteratee.scala:517) ~[play-iteratees_2.10-2.2.6.jar:2.2.6]
	at play.api.libs.iteratee.Iteratee$$anonfun$flatMap$1$$anonfun$apply$13.apply(Iteratee.scala:493) ~[play-iteratees_2.10-2.2.6.jar:2.2.6]
	at play.api.libs.iteratee.Iteratee$$anonfun$flatMap$1$$anonfun$apply$13.apply(Iteratee.scala:493) ~[play-iteratees_2.10-2.2.6.jar:2.2.6]
	at scala.concurrent.impl.Future$PromiseCompletingRunnable.liftedTree1$1(Future.scala:24) [scala-library-2.10.4.jar:na]
	at scala.concurrent.impl.Future$PromiseCompletingRunnable.run(Future.scala:24) [scala-library-2.10.4.jar:na]
	... 6 common frames omitted
Caused by: java.lang.NoSuchMethodError: akka.util.Helpers$.ConfigOps(Lcom/typesafe/config/Config;)Lcom/typesafe/config/Config;
	at akka.remote.RemoteSettings.<init>(RemoteSettings.scala:48) ~[akka-remote_2.10-2.3.4-spark.jar:na]
	at akka.remote.RemoteActorRefProvider.<init>(RemoteActorRefProvider.scala:114) ~[akka-remote_2.10-2.3.4-spark.jar:na]
	at sun.reflect.NativeConstructorAccessorImpl.newInstance0(Native Method) ~[na:1.8.0]
	at sun.reflect.NativeConstructorAccessorImpl.newInstance(NativeConstructorAccessorImpl.java:62) ~[na:1.8.0]
	at sun.reflect.DelegatingConstructorAccessorImpl.newInstance(DelegatingConstructorAccessorImpl.java:45) ~[na:1.8.0]
	at java.lang.reflect.Constructor.newInstance(Constructor.java:408) ~[na:1.8.0]
	at akka.actor.ReflectiveDynamicAccess$$anonfun$createInstanceFor$2.apply(DynamicAccess.scala:78) ~[akka-actor_2.10-2.2.0.jar:2.2.0]
	at scala.util.Try$.apply(Try.scala:161) [scala-library-2.10.4.jar:na]
	at akka.actor.ReflectiveDynamicAccess.createInstanceFor(DynamicAccess.scala:73) ~[akka-actor_2.10-2.2.0.jar:2.2.0]
	at akka.actor.ReflectiveDynamicAccess$$anonfun$createInstanceFor$3.apply(DynamicAccess.scala:84) ~[akka-actor_2.10-2.2.0.jar:2.2.0]
	at akka.actor.ReflectiveDynamicAccess$$anonfun$createInstanceFor$3.apply(DynamicAccess.scala:84) ~[akka-actor_2.10-2.2.0.jar:2.2.0]
	at scala.util.Success.flatMap(Try.scala:200) ~[scala-library-2.10.4.jar:na]
	at akka.actor.ReflectiveDynamicAccess.createInstanceFor(DynamicAccess.scala:84) ~[akka-actor_2.10-2.2.0.jar:2.2.0]
	at akka.actor.ActorSystemImpl.<init>(ActorSystem.scala:550) ~[akka-actor_2.10-2.2.0.jar:2.2.0]
	at akka.actor.ActorSystem$.apply(ActorSystem.scala:111) ~[akka-actor_2.10-2.2.0.jar:2.2.0]
	at akka.actor.ActorSystem$.apply(ActorSystem.scala:104) ~[akka-actor_2.10-2.2.0.jar:2.2.0]
	at org.apache.spark.util.AkkaUtils$.org$apache$spark$util$AkkaUtils$$doCreateActorSystem(AkkaUtils.scala:122) ~[spark-core_2.10-1.4.1.jar:1.4.1]
	at org.apache.spark.util.AkkaUtils$$anonfun$1.apply(AkkaUtils.scala:54) ~[spark-core_2.10-1.4.1.jar:1.4.1]
	at org.apache.spark.util.AkkaUtils$$anonfun$1.apply(AkkaUtils.scala:53) ~[spark-core_2.10-1.4.1.jar:1.4.1]
	at org.apache.spark.util.Utils$$anonfun$startServiceOnPort$1.apply$mcVI$sp(Utils.scala:1991) ~[spark-core_2.10-1.4.1.jar:1.4.1]
	at scala.collection.immutable.Range.foreach$mVc$sp(Range.scala:141) ~[scala-library-2.10.4.jar:na]
	at org.apache.spark.util.Utils$.startServiceOnPort(Utils.scala:1982) ~[spark-core_2.10-1.4.1.jar:1.4.1]
	at org.apache.spark.util.AkkaUtils$.createActorSystem(AkkaUtils.scala:56) ~[spark-core_2.10-1.4.1.jar:1.4.1]
	at org.apache.spark.rpc.akka.AkkaRpcEnvFactory.create(AkkaRpcEnv.scala:245) ~[spark-core_2.10-1.4.1.jar:1.4.1]
	at org.apache.spark.rpc.RpcEnv$.create(RpcEnv.scala:52) ~[spark-core_2.10-1.4.1.jar:1.4.1]
	at org.apache.spark.SparkEnv$.create(SparkEnv.scala:247) ~[spark-core_2.10-1.4.1.jar:1.4.1]
	at org.apache.spark.SparkEnv$.createDriverEnv(SparkEnv.scala:188) ~[spark-core_2.10-1.4.1.jar:1.4.1]
	at org.apache.spark.SparkContext.createSparkEnv(SparkContext.scala:267) ~[spark-core_2.10-1.4.1.jar:1.4.1]
	at org.apache.spark.SparkContext.<init>(SparkContext.scala:424) ~[spark-core_2.10-1.4.1.jar:1.4.1]
	at controllers.SparkJar$$anonfun$job$1.apply(SparkJar.scala:108) ~[classes/:na]
	at controllers.SparkJar$$anonfun$job$1.apply(SparkJar.scala:104) ~[classes/:na]
	at play.api.mvc.ActionBuilder$$anonfun$apply$11.apply(Action.scala:255) ~[play_2.10-2.2.6.jar:2.2.6]
	at play.api.mvc.ActionBuilder$$anonfun$apply$11.apply(Action.scala:255) ~[play_2.10-2.2.6.jar:2.2.6]
	at play.api.mvc.ActionBuilder$$anonfun$apply$10.apply(Action.scala:221) ~[play_2.10-2.2.6.jar:2.2.6]
	at play.api.mvc.ActionBuilder$$anonfun$apply$10.apply(Action.scala:220) ~[play_2.10-2.2.6.jar:2.2.6]
	at play.api.mvc.Action$.invokeBlock(Action.scala:357) ~[play_2.10-2.2.6.jar:2.2.6]
	at play.api.mvc.ActionBuilder$$anon$1.apply(Action.scala:309) ~[play_2.10-2.2.6.jar:2.2.6]
	... 22 common frames omitted

2016-06-28 12:50:28,833 - [ERROR] - from application in play-akka.actor.default-dispatcher-13 


! @70h41o69e - Internal server error, for (GET) [/job] ->

play.api.Application$$anon$1: Execution exception[[RuntimeException: java.lang.NoSuchMethodError: akka.util.Helpers$.ConfigOps(Lcom/typesafe/config/Config;)Lcom/typesafe/config/Config;]]
	at play.api.Application$class.handleError(Application.scala:293) ~[play_2.10-2.2.6.jar:2.2.6]
	at play.api.DefaultApplication.handleError(Application.scala:399) [play_2.10-2.2.6.jar:2.2.6]
	at play.core.server.netty.PlayDefaultUpstreamHandler$$anonfun$13$$anonfun$apply$1.applyOrElse(PlayDefaultUpstreamHandler.scala:170) [play_2.10-2.2.6.jar:2.2.6]
	at play.core.server.netty.PlayDefaultUpstreamHandler$$anonfun$13$$anonfun$apply$1.applyOrElse(PlayDefaultUpstreamHandler.scala:167) [play_2.10-2.2.6.jar:2.2.6]
	at scala.runtime.AbstractPartialFunction.apply(AbstractPartialFunction.scala:33) [scala-library-2.10.4.jar:na]
	at scala.util.Failure$$anonfun$recover$1.apply(Try.scala:185) [scala-library-2.10.4.jar:na]
	at scala.util.Try$.apply(Try.scala:161) [scala-library-2.10.4.jar:na]
	at scala.util.Failure.recover(Try.scala:185) [scala-library-2.10.4.jar:na]
	at scala.concurrent.Future$$anonfun$recover$1.apply(Future.scala:324) [scala-library-2.10.4.jar:na]
	at scala.concurrent.Future$$anonfun$recover$1.apply(Future.scala:324) [scala-library-2.10.4.jar:na]
	at scala.concurrent.impl.CallbackRunnable.run(Promise.scala:32) [scala-library-2.10.4.jar:na]
	at play.api.libs.iteratee.Execution$$anon$1.execute(Execution.scala:43) [play-iteratees_2.10-2.2.6.jar:2.2.6]
	at scala.concurrent.impl.CallbackRunnable.executeWithValue(Promise.scala:40) [scala-library-2.10.4.jar:na]
	at scala.concurrent.impl.Promise$DefaultPromise.tryComplete(Promise.scala:248) [scala-library-2.10.4.jar:na]
	at scala.concurrent.Promise$class.complete(Promise.scala:55) [scala-library-2.10.4.jar:na]
	at scala.concurrent.impl.Promise$DefaultPromise.complete(Promise.scala:153) [scala-library-2.10.4.jar:na]
	at scala.concurrent.Future$$anonfun$flatMap$1.apply(Future.scala:249) [scala-library-2.10.4.jar:na]
	at scala.concurrent.Future$$anonfun$flatMap$1.apply(Future.scala:249) [scala-library-2.10.4.jar:na]
	at scala.concurrent.impl.CallbackRunnable.run(Promise.scala:32) [scala-library-2.10.4.jar:na]
	at play.api.libs.iteratee.Execution$$anon$2.execute(Execution.scala:70) [play-iteratees_2.10-2.2.6.jar:2.2.6]
	at scala.concurrent.impl.CallbackRunnable.executeWithValue(Promise.scala:40) [scala-library-2.10.4.jar:na]
	at scala.concurrent.impl.Promise$DefaultPromise.tryComplete(Promise.scala:248) [scala-library-2.10.4.jar:na]
	at scala.concurrent.Promise$class.complete(Promise.scala:55) [scala-library-2.10.4.jar:na]
	at scala.concurrent.impl.Promise$DefaultPromise.complete(Promise.scala:153) [scala-library-2.10.4.jar:na]
	at scala.concurrent.impl.Future$PromiseCompletingRunnable.run(Future.scala:23) [scala-library-2.10.4.jar:na]
	at akka.dispatch.TaskInvocation.run(AbstractDispatcher.scala:42) [akka-actor_2.10-2.2.0.jar:2.2.0]
	at akka.dispatch.ForkJoinExecutorConfigurator$AkkaForkJoinTask.exec(AbstractDispatcher.scala:386) [akka-actor_2.10-2.2.0.jar:2.2.0]
	at scala.concurrent.forkjoin.ForkJoinTask.doExec(ForkJoinTask.java:260) [scala-library-2.10.4.jar:na]
	at scala.concurrent.forkjoin.ForkJoinPool$WorkQueue.runTask(ForkJoinPool.java:1339) [scala-library-2.10.4.jar:na]
	at scala.concurrent.forkjoin.ForkJoinPool.runWorker(ForkJoinPool.java:1979) [scala-library-2.10.4.jar:na]
	at scala.concurrent.forkjoin.ForkJoinWorkerThread.run(ForkJoinWorkerThread.java:107) [scala-library-2.10.4.jar:na]
Caused by: java.lang.RuntimeException: java.lang.NoSuchMethodError: akka.util.Helpers$.ConfigOps(Lcom/typesafe/config/Config;)Lcom/typesafe/config/Config;
	at play.api.mvc.ActionBuilder$$anon$1.apply(Action.scala:314) ~[play_2.10-2.2.6.jar:2.2.6]
	at play.api.mvc.Action$$anonfun$apply$1$$anonfun$apply$4$$anonfun$apply$5.apply(Action.scala:109) ~[play_2.10-2.2.6.jar:2.2.6]
	at play.api.mvc.Action$$anonfun$apply$1$$anonfun$apply$4$$anonfun$apply$5.apply(Action.scala:109) ~[play_2.10-2.2.6.jar:2.2.6]
	at play.utils.Threads$.withContextClassLoader(Threads.scala:18) ~[play_2.10-2.2.6.jar:2.2.6]
	at play.api.mvc.Action$$anonfun$apply$1$$anonfun$apply$4.apply(Action.scala:108) ~[play_2.10-2.2.6.jar:2.2.6]
	at play.api.mvc.Action$$anonfun$apply$1$$anonfun$apply$4.apply(Action.scala:107) ~[play_2.10-2.2.6.jar:2.2.6]
	at scala.Option.map(Option.scala:145) ~[scala-library-2.10.4.jar:na]
	at play.api.mvc.Action$$anonfun$apply$1.apply(Action.scala:107) ~[play_2.10-2.2.6.jar:2.2.6]
	at play.api.mvc.Action$$anonfun$apply$1.apply(Action.scala:100) ~[play_2.10-2.2.6.jar:2.2.6]
	at play.api.libs.iteratee.Iteratee$$anonfun$mapM$1.apply(Iteratee.scala:481) ~[play-iteratees_2.10-2.2.6.jar:2.2.6]
	at play.api.libs.iteratee.Iteratee$$anonfun$mapM$1.apply(Iteratee.scala:481) ~[play-iteratees_2.10-2.2.6.jar:2.2.6]
	at play.api.libs.iteratee.Iteratee$$anonfun$flatMapM$1.apply(Iteratee.scala:517) ~[play-iteratees_2.10-2.2.6.jar:2.2.6]
	at play.api.libs.iteratee.Iteratee$$anonfun$flatMapM$1.apply(Iteratee.scala:517) ~[play-iteratees_2.10-2.2.6.jar:2.2.6]
	at play.api.libs.iteratee.Iteratee$$anonfun$flatMap$1$$anonfun$apply$13.apply(Iteratee.scala:493) ~[play-iteratees_2.10-2.2.6.jar:2.2.6]
	at play.api.libs.iteratee.Iteratee$$anonfun$flatMap$1$$anonfun$apply$13.apply(Iteratee.scala:493) ~[play-iteratees_2.10-2.2.6.jar:2.2.6]
	at scala.concurrent.impl.Future$PromiseCompletingRunnable.liftedTree1$1(Future.scala:24) [scala-library-2.10.4.jar:na]
	at scala.concurrent.impl.Future$PromiseCompletingRunnable.run(Future.scala:24) [scala-library-2.10.4.jar:na]
	... 6 common frames omitted
Caused by: java.lang.NoSuchMethodError: akka.util.Helpers$.ConfigOps(Lcom/typesafe/config/Config;)Lcom/typesafe/config/Config;
	at akka.remote.RemoteSettings.<init>(RemoteSettings.scala:48) ~[akka-remote_2.10-2.3.4-spark.jar:na]
	at akka.remote.RemoteActorRefProvider.<init>(RemoteActorRefProvider.scala:114) ~[akka-remote_2.10-2.3.4-spark.jar:na]
	at sun.reflect.NativeConstructorAccessorImpl.newInstance0(Native Method) ~[na:1.8.0]
	at sun.reflect.NativeConstructorAccessorImpl.newInstance(NativeConstructorAccessorImpl.java:62) ~[na:1.8.0]
	at sun.reflect.DelegatingConstructorAccessorImpl.newInstance(DelegatingConstructorAccessorImpl.java:45) ~[na:1.8.0]
	at java.lang.reflect.Constructor.newInstance(Constructor.java:408) ~[na:1.8.0]
	at akka.actor.ReflectiveDynamicAccess$$anonfun$createInstanceFor$2.apply(DynamicAccess.scala:78) ~[akka-actor_2.10-2.2.0.jar:2.2.0]
	at scala.util.Try$.apply(Try.scala:161) [scala-library-2.10.4.jar:na]
	at akka.actor.ReflectiveDynamicAccess.createInstanceFor(DynamicAccess.scala:73) ~[akka-actor_2.10-2.2.0.jar:2.2.0]
	at akka.actor.ReflectiveDynamicAccess$$anonfun$createInstanceFor$3.apply(DynamicAccess.scala:84) ~[akka-actor_2.10-2.2.0.jar:2.2.0]
	at akka.actor.ReflectiveDynamicAccess$$anonfun$createInstanceFor$3.apply(DynamicAccess.scala:84) ~[akka-actor_2.10-2.2.0.jar:2.2.0]
	at scala.util.Success.flatMap(Try.scala:200) ~[scala-library-2.10.4.jar:na]
	at akka.actor.ReflectiveDynamicAccess.createInstanceFor(DynamicAccess.scala:84) ~[akka-actor_2.10-2.2.0.jar:2.2.0]
	at akka.actor.ActorSystemImpl.<init>(ActorSystem.scala:550) ~[akka-actor_2.10-2.2.0.jar:2.2.0]
	at akka.actor.ActorSystem$.apply(ActorSystem.scala:111) ~[akka-actor_2.10-2.2.0.jar:2.2.0]
	at akka.actor.ActorSystem$.apply(ActorSystem.scala:104) ~[akka-actor_2.10-2.2.0.jar:2.2.0]
	at org.apache.spark.util.AkkaUtils$.org$apache$spark$util$AkkaUtils$$doCreateActorSystem(AkkaUtils.scala:122) ~[spark-core_2.10-1.4.1.jar:1.4.1]
	at org.apache.spark.util.AkkaUtils$$anonfun$1.apply(AkkaUtils.scala:54) ~[spark-core_2.10-1.4.1.jar:1.4.1]
	at org.apache.spark.util.AkkaUtils$$anonfun$1.apply(AkkaUtils.scala:53) ~[spark-core_2.10-1.4.1.jar:1.4.1]
	at org.apache.spark.util.Utils$$anonfun$startServiceOnPort$1.apply$mcVI$sp(Utils.scala:1991) ~[spark-core_2.10-1.4.1.jar:1.4.1]
	at scala.collection.immutable.Range.foreach$mVc$sp(Range.scala:141) ~[scala-library-2.10.4.jar:na]
	at org.apache.spark.util.Utils$.startServiceOnPort(Utils.scala:1982) ~[spark-core_2.10-1.4.1.jar:1.4.1]
	at org.apache.spark.util.AkkaUtils$.createActorSystem(AkkaUtils.scala:56) ~[spark-core_2.10-1.4.1.jar:1.4.1]
	at org.apache.spark.rpc.akka.AkkaRpcEnvFactory.create(AkkaRpcEnv.scala:245) ~[spark-core_2.10-1.4.1.jar:1.4.1]
	at org.apache.spark.rpc.RpcEnv$.create(RpcEnv.scala:52) ~[spark-core_2.10-1.4.1.jar:1.4.1]
	at org.apache.spark.SparkEnv$.create(SparkEnv.scala:247) ~[spark-core_2.10-1.4.1.jar:1.4.1]
	at org.apache.spark.SparkEnv$.createDriverEnv(SparkEnv.scala:188) ~[spark-core_2.10-1.4.1.jar:1.4.1]
	at org.apache.spark.SparkContext.createSparkEnv(SparkContext.scala:267) ~[spark-core_2.10-1.4.1.jar:1.4.1]
	at org.apache.spark.SparkContext.<init>(SparkContext.scala:424) ~[spark-core_2.10-1.4.1.jar:1.4.1]
	at controllers.SparkJar$$anonfun$job$1.apply(SparkJar.scala:108) ~[classes/:na]
	at controllers.SparkJar$$anonfun$job$1.apply(SparkJar.scala:104) ~[classes/:na]
	at play.api.mvc.ActionBuilder$$anonfun$apply$11.apply(Action.scala:255) ~[play_2.10-2.2.6.jar:2.2.6]
	at play.api.mvc.ActionBuilder$$anonfun$apply$11.apply(Action.scala:255) ~[play_2.10-2.2.6.jar:2.2.6]
	at play.api.mvc.ActionBuilder$$anonfun$apply$10.apply(Action.scala:221) ~[play_2.10-2.2.6.jar:2.2.6]
	at play.api.mvc.ActionBuilder$$anonfun$apply$10.apply(Action.scala:220) ~[play_2.10-2.2.6.jar:2.2.6]
	at play.api.mvc.Action$.invokeBlock(Action.scala:357) ~[play_2.10-2.2.6.jar:2.2.6]
	at play.api.mvc.ActionBuilder$$anon$1.apply(Action.scala:309) ~[play_2.10-2.2.6.jar:2.2.6]
	... 22 common frames omitted

2016-06-28 12:50:29,474 - [ERROR] - from application in play-akka.actor.default-dispatcher-13 


! @70h41o785 - Internal server error, for (GET) [/job] ->

play.api.Application$$anon$1: Execution exception[[RuntimeException: java.lang.NoSuchMethodError: akka.util.Helpers$.ConfigOps(Lcom/typesafe/config/Config;)Lcom/typesafe/config/Config;]]
	at play.api.Application$class.handleError(Application.scala:293) ~[play_2.10-2.2.6.jar:2.2.6]
	at play.api.DefaultApplication.handleError(Application.scala:399) [play_2.10-2.2.6.jar:2.2.6]
	at play.core.server.netty.PlayDefaultUpstreamHandler$$anonfun$13$$anonfun$apply$1.applyOrElse(PlayDefaultUpstreamHandler.scala:170) [play_2.10-2.2.6.jar:2.2.6]
	at play.core.server.netty.PlayDefaultUpstreamHandler$$anonfun$13$$anonfun$apply$1.applyOrElse(PlayDefaultUpstreamHandler.scala:167) [play_2.10-2.2.6.jar:2.2.6]
	at scala.runtime.AbstractPartialFunction.apply(AbstractPartialFunction.scala:33) [scala-library-2.10.4.jar:na]
	at scala.util.Failure$$anonfun$recover$1.apply(Try.scala:185) [scala-library-2.10.4.jar:na]
	at scala.util.Try$.apply(Try.scala:161) [scala-library-2.10.4.jar:na]
	at scala.util.Failure.recover(Try.scala:185) [scala-library-2.10.4.jar:na]
	at scala.concurrent.Future$$anonfun$recover$1.apply(Future.scala:324) [scala-library-2.10.4.jar:na]
	at scala.concurrent.Future$$anonfun$recover$1.apply(Future.scala:324) [scala-library-2.10.4.jar:na]
	at scala.concurrent.impl.CallbackRunnable.run(Promise.scala:32) [scala-library-2.10.4.jar:na]
	at play.api.libs.iteratee.Execution$$anon$1.execute(Execution.scala:43) [play-iteratees_2.10-2.2.6.jar:2.2.6]
	at scala.concurrent.impl.CallbackRunnable.executeWithValue(Promise.scala:40) [scala-library-2.10.4.jar:na]
	at scala.concurrent.impl.Promise$DefaultPromise.tryComplete(Promise.scala:248) [scala-library-2.10.4.jar:na]
	at scala.concurrent.Promise$class.complete(Promise.scala:55) [scala-library-2.10.4.jar:na]
	at scala.concurrent.impl.Promise$DefaultPromise.complete(Promise.scala:153) [scala-library-2.10.4.jar:na]
	at scala.concurrent.Future$$anonfun$flatMap$1.apply(Future.scala:249) [scala-library-2.10.4.jar:na]
	at scala.concurrent.Future$$anonfun$flatMap$1.apply(Future.scala:249) [scala-library-2.10.4.jar:na]
	at scala.concurrent.impl.CallbackRunnable.run(Promise.scala:32) [scala-library-2.10.4.jar:na]
	at play.api.libs.iteratee.Execution$$anon$2.execute(Execution.scala:70) [play-iteratees_2.10-2.2.6.jar:2.2.6]
	at scala.concurrent.impl.CallbackRunnable.executeWithValue(Promise.scala:40) [scala-library-2.10.4.jar:na]
	at scala.concurrent.impl.Promise$DefaultPromise.tryComplete(Promise.scala:248) [scala-library-2.10.4.jar:na]
	at scala.concurrent.Promise$class.complete(Promise.scala:55) [scala-library-2.10.4.jar:na]
	at scala.concurrent.impl.Promise$DefaultPromise.complete(Promise.scala:153) [scala-library-2.10.4.jar:na]
	at scala.concurrent.impl.Future$PromiseCompletingRunnable.run(Future.scala:23) [scala-library-2.10.4.jar:na]
	at akka.dispatch.TaskInvocation.run(AbstractDispatcher.scala:42) [akka-actor_2.10-2.2.0.jar:2.2.0]
	at akka.dispatch.ForkJoinExecutorConfigurator$AkkaForkJoinTask.exec(AbstractDispatcher.scala:386) [akka-actor_2.10-2.2.0.jar:2.2.0]
	at scala.concurrent.forkjoin.ForkJoinTask.doExec(ForkJoinTask.java:260) [scala-library-2.10.4.jar:na]
	at scala.concurrent.forkjoin.ForkJoinPool$WorkQueue.runTask(ForkJoinPool.java:1339) [scala-library-2.10.4.jar:na]
	at scala.concurrent.forkjoin.ForkJoinPool.runWorker(ForkJoinPool.java:1979) [scala-library-2.10.4.jar:na]
	at scala.concurrent.forkjoin.ForkJoinWorkerThread.run(ForkJoinWorkerThread.java:107) [scala-library-2.10.4.jar:na]
Caused by: java.lang.RuntimeException: java.lang.NoSuchMethodError: akka.util.Helpers$.ConfigOps(Lcom/typesafe/config/Config;)Lcom/typesafe/config/Config;
	at play.api.mvc.ActionBuilder$$anon$1.apply(Action.scala:314) ~[play_2.10-2.2.6.jar:2.2.6]
	at play.api.mvc.Action$$anonfun$apply$1$$anonfun$apply$4$$anonfun$apply$5.apply(Action.scala:109) ~[play_2.10-2.2.6.jar:2.2.6]
	at play.api.mvc.Action$$anonfun$apply$1$$anonfun$apply$4$$anonfun$apply$5.apply(Action.scala:109) ~[play_2.10-2.2.6.jar:2.2.6]
	at play.utils.Threads$.withContextClassLoader(Threads.scala:18) ~[play_2.10-2.2.6.jar:2.2.6]
	at play.api.mvc.Action$$anonfun$apply$1$$anonfun$apply$4.apply(Action.scala:108) ~[play_2.10-2.2.6.jar:2.2.6]
	at play.api.mvc.Action$$anonfun$apply$1$$anonfun$apply$4.apply(Action.scala:107) ~[play_2.10-2.2.6.jar:2.2.6]
	at scala.Option.map(Option.scala:145) ~[scala-library-2.10.4.jar:na]
	at play.api.mvc.Action$$anonfun$apply$1.apply(Action.scala:107) ~[play_2.10-2.2.6.jar:2.2.6]
	at play.api.mvc.Action$$anonfun$apply$1.apply(Action.scala:100) ~[play_2.10-2.2.6.jar:2.2.6]
	at play.api.libs.iteratee.Iteratee$$anonfun$mapM$1.apply(Iteratee.scala:481) ~[play-iteratees_2.10-2.2.6.jar:2.2.6]
	at play.api.libs.iteratee.Iteratee$$anonfun$mapM$1.apply(Iteratee.scala:481) ~[play-iteratees_2.10-2.2.6.jar:2.2.6]
	at play.api.libs.iteratee.Iteratee$$anonfun$flatMapM$1.apply(Iteratee.scala:517) ~[play-iteratees_2.10-2.2.6.jar:2.2.6]
	at play.api.libs.iteratee.Iteratee$$anonfun$flatMapM$1.apply(Iteratee.scala:517) ~[play-iteratees_2.10-2.2.6.jar:2.2.6]
	at play.api.libs.iteratee.Iteratee$$anonfun$flatMap$1$$anonfun$apply$13.apply(Iteratee.scala:493) ~[play-iteratees_2.10-2.2.6.jar:2.2.6]
	at play.api.libs.iteratee.Iteratee$$anonfun$flatMap$1$$anonfun$apply$13.apply(Iteratee.scala:493) ~[play-iteratees_2.10-2.2.6.jar:2.2.6]
	at scala.concurrent.impl.Future$PromiseCompletingRunnable.liftedTree1$1(Future.scala:24) [scala-library-2.10.4.jar:na]
	at scala.concurrent.impl.Future$PromiseCompletingRunnable.run(Future.scala:24) [scala-library-2.10.4.jar:na]
	... 6 common frames omitted
Caused by: java.lang.NoSuchMethodError: akka.util.Helpers$.ConfigOps(Lcom/typesafe/config/Config;)Lcom/typesafe/config/Config;
	at akka.remote.RemoteSettings.<init>(RemoteSettings.scala:48) ~[akka-remote_2.10-2.3.4-spark.jar:na]
	at akka.remote.RemoteActorRefProvider.<init>(RemoteActorRefProvider.scala:114) ~[akka-remote_2.10-2.3.4-spark.jar:na]
	at sun.reflect.NativeConstructorAccessorImpl.newInstance0(Native Method) ~[na:1.8.0]
	at sun.reflect.NativeConstructorAccessorImpl.newInstance(NativeConstructorAccessorImpl.java:62) ~[na:1.8.0]
	at sun.reflect.DelegatingConstructorAccessorImpl.newInstance(DelegatingConstructorAccessorImpl.java:45) ~[na:1.8.0]
	at java.lang.reflect.Constructor.newInstance(Constructor.java:408) ~[na:1.8.0]
	at akka.actor.ReflectiveDynamicAccess$$anonfun$createInstanceFor$2.apply(DynamicAccess.scala:78) ~[akka-actor_2.10-2.2.0.jar:2.2.0]
	at scala.util.Try$.apply(Try.scala:161) [scala-library-2.10.4.jar:na]
	at akka.actor.ReflectiveDynamicAccess.createInstanceFor(DynamicAccess.scala:73) ~[akka-actor_2.10-2.2.0.jar:2.2.0]
	at akka.actor.ReflectiveDynamicAccess$$anonfun$createInstanceFor$3.apply(DynamicAccess.scala:84) ~[akka-actor_2.10-2.2.0.jar:2.2.0]
	at akka.actor.ReflectiveDynamicAccess$$anonfun$createInstanceFor$3.apply(DynamicAccess.scala:84) ~[akka-actor_2.10-2.2.0.jar:2.2.0]
	at scala.util.Success.flatMap(Try.scala:200) ~[scala-library-2.10.4.jar:na]
	at akka.actor.ReflectiveDynamicAccess.createInstanceFor(DynamicAccess.scala:84) ~[akka-actor_2.10-2.2.0.jar:2.2.0]
	at akka.actor.ActorSystemImpl.<init>(ActorSystem.scala:550) ~[akka-actor_2.10-2.2.0.jar:2.2.0]
	at akka.actor.ActorSystem$.apply(ActorSystem.scala:111) ~[akka-actor_2.10-2.2.0.jar:2.2.0]
	at akka.actor.ActorSystem$.apply(ActorSystem.scala:104) ~[akka-actor_2.10-2.2.0.jar:2.2.0]
	at org.apache.spark.util.AkkaUtils$.org$apache$spark$util$AkkaUtils$$doCreateActorSystem(AkkaUtils.scala:122) ~[spark-core_2.10-1.4.1.jar:1.4.1]
	at org.apache.spark.util.AkkaUtils$$anonfun$1.apply(AkkaUtils.scala:54) ~[spark-core_2.10-1.4.1.jar:1.4.1]
	at org.apache.spark.util.AkkaUtils$$anonfun$1.apply(AkkaUtils.scala:53) ~[spark-core_2.10-1.4.1.jar:1.4.1]
	at org.apache.spark.util.Utils$$anonfun$startServiceOnPort$1.apply$mcVI$sp(Utils.scala:1991) ~[spark-core_2.10-1.4.1.jar:1.4.1]
	at scala.collection.immutable.Range.foreach$mVc$sp(Range.scala:141) ~[scala-library-2.10.4.jar:na]
	at org.apache.spark.util.Utils$.startServiceOnPort(Utils.scala:1982) ~[spark-core_2.10-1.4.1.jar:1.4.1]
	at org.apache.spark.util.AkkaUtils$.createActorSystem(AkkaUtils.scala:56) ~[spark-core_2.10-1.4.1.jar:1.4.1]
	at org.apache.spark.rpc.akka.AkkaRpcEnvFactory.create(AkkaRpcEnv.scala:245) ~[spark-core_2.10-1.4.1.jar:1.4.1]
	at org.apache.spark.rpc.RpcEnv$.create(RpcEnv.scala:52) ~[spark-core_2.10-1.4.1.jar:1.4.1]
	at org.apache.spark.SparkEnv$.create(SparkEnv.scala:247) ~[spark-core_2.10-1.4.1.jar:1.4.1]
	at org.apache.spark.SparkEnv$.createDriverEnv(SparkEnv.scala:188) ~[spark-core_2.10-1.4.1.jar:1.4.1]
	at org.apache.spark.SparkContext.createSparkEnv(SparkContext.scala:267) ~[spark-core_2.10-1.4.1.jar:1.4.1]
	at org.apache.spark.SparkContext.<init>(SparkContext.scala:424) ~[spark-core_2.10-1.4.1.jar:1.4.1]
	at controllers.SparkJar$$anonfun$job$1.apply(SparkJar.scala:108) ~[classes/:na]
	at controllers.SparkJar$$anonfun$job$1.apply(SparkJar.scala:104) ~[classes/:na]
	at play.api.mvc.ActionBuilder$$anonfun$apply$11.apply(Action.scala:255) ~[play_2.10-2.2.6.jar:2.2.6]
	at play.api.mvc.ActionBuilder$$anonfun$apply$11.apply(Action.scala:255) ~[play_2.10-2.2.6.jar:2.2.6]
	at play.api.mvc.ActionBuilder$$anonfun$apply$10.apply(Action.scala:221) ~[play_2.10-2.2.6.jar:2.2.6]
	at play.api.mvc.ActionBuilder$$anonfun$apply$10.apply(Action.scala:220) ~[play_2.10-2.2.6.jar:2.2.6]
	at play.api.mvc.Action$.invokeBlock(Action.scala:357) ~[play_2.10-2.2.6.jar:2.2.6]
	at play.api.mvc.ActionBuilder$$anon$1.apply(Action.scala:309) ~[play_2.10-2.2.6.jar:2.2.6]
	... 22 common frames omitted

2016-06-28 12:50:29,865 - [ERROR] - from application in play-akka.actor.default-dispatcher-13 


! @70h41o7n6 - Internal server error, for (GET) [/job] ->

play.api.Application$$anon$1: Execution exception[[RuntimeException: java.lang.NoSuchMethodError: akka.util.Helpers$.ConfigOps(Lcom/typesafe/config/Config;)Lcom/typesafe/config/Config;]]
	at play.api.Application$class.handleError(Application.scala:293) ~[play_2.10-2.2.6.jar:2.2.6]
	at play.api.DefaultApplication.handleError(Application.scala:399) [play_2.10-2.2.6.jar:2.2.6]
	at play.core.server.netty.PlayDefaultUpstreamHandler$$anonfun$13$$anonfun$apply$1.applyOrElse(PlayDefaultUpstreamHandler.scala:170) [play_2.10-2.2.6.jar:2.2.6]
	at play.core.server.netty.PlayDefaultUpstreamHandler$$anonfun$13$$anonfun$apply$1.applyOrElse(PlayDefaultUpstreamHandler.scala:167) [play_2.10-2.2.6.jar:2.2.6]
	at scala.runtime.AbstractPartialFunction.apply(AbstractPartialFunction.scala:33) [scala-library-2.10.4.jar:na]
	at scala.util.Failure$$anonfun$recover$1.apply(Try.scala:185) [scala-library-2.10.4.jar:na]
	at scala.util.Try$.apply(Try.scala:161) [scala-library-2.10.4.jar:na]
	at scala.util.Failure.recover(Try.scala:185) [scala-library-2.10.4.jar:na]
	at scala.concurrent.Future$$anonfun$recover$1.apply(Future.scala:324) [scala-library-2.10.4.jar:na]
	at scala.concurrent.Future$$anonfun$recover$1.apply(Future.scala:324) [scala-library-2.10.4.jar:na]
	at scala.concurrent.impl.CallbackRunnable.run(Promise.scala:32) [scala-library-2.10.4.jar:na]
	at play.api.libs.iteratee.Execution$$anon$1.execute(Execution.scala:43) [play-iteratees_2.10-2.2.6.jar:2.2.6]
	at scala.concurrent.impl.CallbackRunnable.executeWithValue(Promise.scala:40) [scala-library-2.10.4.jar:na]
	at scala.concurrent.impl.Promise$DefaultPromise.tryComplete(Promise.scala:248) [scala-library-2.10.4.jar:na]
	at scala.concurrent.Promise$class.complete(Promise.scala:55) [scala-library-2.10.4.jar:na]
	at scala.concurrent.impl.Promise$DefaultPromise.complete(Promise.scala:153) [scala-library-2.10.4.jar:na]
	at scala.concurrent.Future$$anonfun$flatMap$1.apply(Future.scala:249) [scala-library-2.10.4.jar:na]
	at scala.concurrent.Future$$anonfun$flatMap$1.apply(Future.scala:249) [scala-library-2.10.4.jar:na]
	at scala.concurrent.impl.CallbackRunnable.run(Promise.scala:32) [scala-library-2.10.4.jar:na]
	at play.api.libs.iteratee.Execution$$anon$2.execute(Execution.scala:70) [play-iteratees_2.10-2.2.6.jar:2.2.6]
	at scala.concurrent.impl.CallbackRunnable.executeWithValue(Promise.scala:40) [scala-library-2.10.4.jar:na]
	at scala.concurrent.impl.Promise$DefaultPromise.tryComplete(Promise.scala:248) [scala-library-2.10.4.jar:na]
	at scala.concurrent.Promise$class.complete(Promise.scala:55) [scala-library-2.10.4.jar:na]
	at scala.concurrent.impl.Promise$DefaultPromise.complete(Promise.scala:153) [scala-library-2.10.4.jar:na]
	at scala.concurrent.impl.Future$PromiseCompletingRunnable.run(Future.scala:23) [scala-library-2.10.4.jar:na]
	at akka.dispatch.TaskInvocation.run(AbstractDispatcher.scala:42) [akka-actor_2.10-2.2.0.jar:2.2.0]
	at akka.dispatch.ForkJoinExecutorConfigurator$AkkaForkJoinTask.exec(AbstractDispatcher.scala:386) [akka-actor_2.10-2.2.0.jar:2.2.0]
	at scala.concurrent.forkjoin.ForkJoinTask.doExec(ForkJoinTask.java:260) [scala-library-2.10.4.jar:na]
	at scala.concurrent.forkjoin.ForkJoinPool$WorkQueue.runTask(ForkJoinPool.java:1339) [scala-library-2.10.4.jar:na]
	at scala.concurrent.forkjoin.ForkJoinPool.runWorker(ForkJoinPool.java:1979) [scala-library-2.10.4.jar:na]
	at scala.concurrent.forkjoin.ForkJoinWorkerThread.run(ForkJoinWorkerThread.java:107) [scala-library-2.10.4.jar:na]
Caused by: java.lang.RuntimeException: java.lang.NoSuchMethodError: akka.util.Helpers$.ConfigOps(Lcom/typesafe/config/Config;)Lcom/typesafe/config/Config;
	at play.api.mvc.ActionBuilder$$anon$1.apply(Action.scala:314) ~[play_2.10-2.2.6.jar:2.2.6]
	at play.api.mvc.Action$$anonfun$apply$1$$anonfun$apply$4$$anonfun$apply$5.apply(Action.scala:109) ~[play_2.10-2.2.6.jar:2.2.6]
	at play.api.mvc.Action$$anonfun$apply$1$$anonfun$apply$4$$anonfun$apply$5.apply(Action.scala:109) ~[play_2.10-2.2.6.jar:2.2.6]
	at play.utils.Threads$.withContextClassLoader(Threads.scala:18) ~[play_2.10-2.2.6.jar:2.2.6]
	at play.api.mvc.Action$$anonfun$apply$1$$anonfun$apply$4.apply(Action.scala:108) ~[play_2.10-2.2.6.jar:2.2.6]
	at play.api.mvc.Action$$anonfun$apply$1$$anonfun$apply$4.apply(Action.scala:107) ~[play_2.10-2.2.6.jar:2.2.6]
	at scala.Option.map(Option.scala:145) ~[scala-library-2.10.4.jar:na]
	at play.api.mvc.Action$$anonfun$apply$1.apply(Action.scala:107) ~[play_2.10-2.2.6.jar:2.2.6]
	at play.api.mvc.Action$$anonfun$apply$1.apply(Action.scala:100) ~[play_2.10-2.2.6.jar:2.2.6]
	at play.api.libs.iteratee.Iteratee$$anonfun$mapM$1.apply(Iteratee.scala:481) ~[play-iteratees_2.10-2.2.6.jar:2.2.6]
	at play.api.libs.iteratee.Iteratee$$anonfun$mapM$1.apply(Iteratee.scala:481) ~[play-iteratees_2.10-2.2.6.jar:2.2.6]
	at play.api.libs.iteratee.Iteratee$$anonfun$flatMapM$1.apply(Iteratee.scala:517) ~[play-iteratees_2.10-2.2.6.jar:2.2.6]
	at play.api.libs.iteratee.Iteratee$$anonfun$flatMapM$1.apply(Iteratee.scala:517) ~[play-iteratees_2.10-2.2.6.jar:2.2.6]
	at play.api.libs.iteratee.Iteratee$$anonfun$flatMap$1$$anonfun$apply$13.apply(Iteratee.scala:493) ~[play-iteratees_2.10-2.2.6.jar:2.2.6]
	at play.api.libs.iteratee.Iteratee$$anonfun$flatMap$1$$anonfun$apply$13.apply(Iteratee.scala:493) ~[play-iteratees_2.10-2.2.6.jar:2.2.6]
	at scala.concurrent.impl.Future$PromiseCompletingRunnable.liftedTree1$1(Future.scala:24) [scala-library-2.10.4.jar:na]
	at scala.concurrent.impl.Future$PromiseCompletingRunnable.run(Future.scala:24) [scala-library-2.10.4.jar:na]
	... 6 common frames omitted
Caused by: java.lang.NoSuchMethodError: akka.util.Helpers$.ConfigOps(Lcom/typesafe/config/Config;)Lcom/typesafe/config/Config;
	at akka.remote.RemoteSettings.<init>(RemoteSettings.scala:48) ~[akka-remote_2.10-2.3.4-spark.jar:na]
	at akka.remote.RemoteActorRefProvider.<init>(RemoteActorRefProvider.scala:114) ~[akka-remote_2.10-2.3.4-spark.jar:na]
	at sun.reflect.NativeConstructorAccessorImpl.newInstance0(Native Method) ~[na:1.8.0]
	at sun.reflect.NativeConstructorAccessorImpl.newInstance(NativeConstructorAccessorImpl.java:62) ~[na:1.8.0]
	at sun.reflect.DelegatingConstructorAccessorImpl.newInstance(DelegatingConstructorAccessorImpl.java:45) ~[na:1.8.0]
	at java.lang.reflect.Constructor.newInstance(Constructor.java:408) ~[na:1.8.0]
	at akka.actor.ReflectiveDynamicAccess$$anonfun$createInstanceFor$2.apply(DynamicAccess.scala:78) ~[akka-actor_2.10-2.2.0.jar:2.2.0]
	at scala.util.Try$.apply(Try.scala:161) [scala-library-2.10.4.jar:na]
	at akka.actor.ReflectiveDynamicAccess.createInstanceFor(DynamicAccess.scala:73) ~[akka-actor_2.10-2.2.0.jar:2.2.0]
	at akka.actor.ReflectiveDynamicAccess$$anonfun$createInstanceFor$3.apply(DynamicAccess.scala:84) ~[akka-actor_2.10-2.2.0.jar:2.2.0]
	at akka.actor.ReflectiveDynamicAccess$$anonfun$createInstanceFor$3.apply(DynamicAccess.scala:84) ~[akka-actor_2.10-2.2.0.jar:2.2.0]
	at scala.util.Success.flatMap(Try.scala:200) ~[scala-library-2.10.4.jar:na]
	at akka.actor.ReflectiveDynamicAccess.createInstanceFor(DynamicAccess.scala:84) ~[akka-actor_2.10-2.2.0.jar:2.2.0]
	at akka.actor.ActorSystemImpl.<init>(ActorSystem.scala:550) ~[akka-actor_2.10-2.2.0.jar:2.2.0]
	at akka.actor.ActorSystem$.apply(ActorSystem.scala:111) ~[akka-actor_2.10-2.2.0.jar:2.2.0]
	at akka.actor.ActorSystem$.apply(ActorSystem.scala:104) ~[akka-actor_2.10-2.2.0.jar:2.2.0]
	at org.apache.spark.util.AkkaUtils$.org$apache$spark$util$AkkaUtils$$doCreateActorSystem(AkkaUtils.scala:122) ~[spark-core_2.10-1.4.1.jar:1.4.1]
	at org.apache.spark.util.AkkaUtils$$anonfun$1.apply(AkkaUtils.scala:54) ~[spark-core_2.10-1.4.1.jar:1.4.1]
	at org.apache.spark.util.AkkaUtils$$anonfun$1.apply(AkkaUtils.scala:53) ~[spark-core_2.10-1.4.1.jar:1.4.1]
	at org.apache.spark.util.Utils$$anonfun$startServiceOnPort$1.apply$mcVI$sp(Utils.scala:1991) ~[spark-core_2.10-1.4.1.jar:1.4.1]
	at scala.collection.immutable.Range.foreach$mVc$sp(Range.scala:141) ~[scala-library-2.10.4.jar:na]
	at org.apache.spark.util.Utils$.startServiceOnPort(Utils.scala:1982) ~[spark-core_2.10-1.4.1.jar:1.4.1]
	at org.apache.spark.util.AkkaUtils$.createActorSystem(AkkaUtils.scala:56) ~[spark-core_2.10-1.4.1.jar:1.4.1]
	at org.apache.spark.rpc.akka.AkkaRpcEnvFactory.create(AkkaRpcEnv.scala:245) ~[spark-core_2.10-1.4.1.jar:1.4.1]
	at org.apache.spark.rpc.RpcEnv$.create(RpcEnv.scala:52) ~[spark-core_2.10-1.4.1.jar:1.4.1]
	at org.apache.spark.SparkEnv$.create(SparkEnv.scala:247) ~[spark-core_2.10-1.4.1.jar:1.4.1]
	at org.apache.spark.SparkEnv$.createDriverEnv(SparkEnv.scala:188) ~[spark-core_2.10-1.4.1.jar:1.4.1]
	at org.apache.spark.SparkContext.createSparkEnv(SparkContext.scala:267) ~[spark-core_2.10-1.4.1.jar:1.4.1]
	at org.apache.spark.SparkContext.<init>(SparkContext.scala:424) ~[spark-core_2.10-1.4.1.jar:1.4.1]
	at controllers.SparkJar$$anonfun$job$1.apply(SparkJar.scala:108) ~[classes/:na]
	at controllers.SparkJar$$anonfun$job$1.apply(SparkJar.scala:104) ~[classes/:na]
	at play.api.mvc.ActionBuilder$$anonfun$apply$11.apply(Action.scala:255) ~[play_2.10-2.2.6.jar:2.2.6]
	at play.api.mvc.ActionBuilder$$anonfun$apply$11.apply(Action.scala:255) ~[play_2.10-2.2.6.jar:2.2.6]
	at play.api.mvc.ActionBuilder$$anonfun$apply$10.apply(Action.scala:221) ~[play_2.10-2.2.6.jar:2.2.6]
	at play.api.mvc.ActionBuilder$$anonfun$apply$10.apply(Action.scala:220) ~[play_2.10-2.2.6.jar:2.2.6]
	at play.api.mvc.Action$.invokeBlock(Action.scala:357) ~[play_2.10-2.2.6.jar:2.2.6]
	at play.api.mvc.ActionBuilder$$anon$1.apply(Action.scala:309) ~[play_2.10-2.2.6.jar:2.2.6]
	... 22 common frames omitted

2016-06-28 12:50:30,192 - [ERROR] - from application in play-akka.actor.default-dispatcher-7 


! @70h41o89k - Internal server error, for (GET) [/job] ->

play.api.Application$$anon$1: Execution exception[[RuntimeException: java.lang.NoSuchMethodError: akka.util.Helpers$.ConfigOps(Lcom/typesafe/config/Config;)Lcom/typesafe/config/Config;]]
	at play.api.Application$class.handleError(Application.scala:293) ~[play_2.10-2.2.6.jar:2.2.6]
	at play.api.DefaultApplication.handleError(Application.scala:399) [play_2.10-2.2.6.jar:2.2.6]
	at play.core.server.netty.PlayDefaultUpstreamHandler$$anonfun$13$$anonfun$apply$1.applyOrElse(PlayDefaultUpstreamHandler.scala:170) [play_2.10-2.2.6.jar:2.2.6]
	at play.core.server.netty.PlayDefaultUpstreamHandler$$anonfun$13$$anonfun$apply$1.applyOrElse(PlayDefaultUpstreamHandler.scala:167) [play_2.10-2.2.6.jar:2.2.6]
	at scala.runtime.AbstractPartialFunction.apply(AbstractPartialFunction.scala:33) [scala-library-2.10.4.jar:na]
	at scala.util.Failure$$anonfun$recover$1.apply(Try.scala:185) [scala-library-2.10.4.jar:na]
	at scala.util.Try$.apply(Try.scala:161) [scala-library-2.10.4.jar:na]
	at scala.util.Failure.recover(Try.scala:185) [scala-library-2.10.4.jar:na]
	at scala.concurrent.Future$$anonfun$recover$1.apply(Future.scala:324) [scala-library-2.10.4.jar:na]
	at scala.concurrent.Future$$anonfun$recover$1.apply(Future.scala:324) [scala-library-2.10.4.jar:na]
	at scala.concurrent.impl.CallbackRunnable.run(Promise.scala:32) [scala-library-2.10.4.jar:na]
	at play.api.libs.iteratee.Execution$$anon$1.execute(Execution.scala:43) [play-iteratees_2.10-2.2.6.jar:2.2.6]
	at scala.concurrent.impl.CallbackRunnable.executeWithValue(Promise.scala:40) [scala-library-2.10.4.jar:na]
	at scala.concurrent.impl.Promise$DefaultPromise.tryComplete(Promise.scala:248) [scala-library-2.10.4.jar:na]
	at scala.concurrent.Promise$class.complete(Promise.scala:55) [scala-library-2.10.4.jar:na]
	at scala.concurrent.impl.Promise$DefaultPromise.complete(Promise.scala:153) [scala-library-2.10.4.jar:na]
	at scala.concurrent.Future$$anonfun$flatMap$1.apply(Future.scala:249) [scala-library-2.10.4.jar:na]
	at scala.concurrent.Future$$anonfun$flatMap$1.apply(Future.scala:249) [scala-library-2.10.4.jar:na]
	at scala.concurrent.impl.CallbackRunnable.run(Promise.scala:32) [scala-library-2.10.4.jar:na]
	at play.api.libs.iteratee.Execution$$anon$2.execute(Execution.scala:70) [play-iteratees_2.10-2.2.6.jar:2.2.6]
	at scala.concurrent.impl.CallbackRunnable.executeWithValue(Promise.scala:40) [scala-library-2.10.4.jar:na]
	at scala.concurrent.impl.Promise$DefaultPromise.tryComplete(Promise.scala:248) [scala-library-2.10.4.jar:na]
	at scala.concurrent.Promise$class.complete(Promise.scala:55) [scala-library-2.10.4.jar:na]
	at scala.concurrent.impl.Promise$DefaultPromise.complete(Promise.scala:153) [scala-library-2.10.4.jar:na]
	at scala.concurrent.impl.Future$PromiseCompletingRunnable.run(Future.scala:23) [scala-library-2.10.4.jar:na]
	at akka.dispatch.TaskInvocation.run(AbstractDispatcher.scala:42) [akka-actor_2.10-2.2.0.jar:2.2.0]
	at akka.dispatch.ForkJoinExecutorConfigurator$AkkaForkJoinTask.exec(AbstractDispatcher.scala:386) [akka-actor_2.10-2.2.0.jar:2.2.0]
	at scala.concurrent.forkjoin.ForkJoinTask.doExec(ForkJoinTask.java:260) [scala-library-2.10.4.jar:na]
	at scala.concurrent.forkjoin.ForkJoinPool$WorkQueue.runTask(ForkJoinPool.java:1339) [scala-library-2.10.4.jar:na]
	at scala.concurrent.forkjoin.ForkJoinPool.runWorker(ForkJoinPool.java:1979) [scala-library-2.10.4.jar:na]
	at scala.concurrent.forkjoin.ForkJoinWorkerThread.run(ForkJoinWorkerThread.java:107) [scala-library-2.10.4.jar:na]
Caused by: java.lang.RuntimeException: java.lang.NoSuchMethodError: akka.util.Helpers$.ConfigOps(Lcom/typesafe/config/Config;)Lcom/typesafe/config/Config;
	at play.api.mvc.ActionBuilder$$anon$1.apply(Action.scala:314) ~[play_2.10-2.2.6.jar:2.2.6]
	at play.api.mvc.Action$$anonfun$apply$1$$anonfun$apply$4$$anonfun$apply$5.apply(Action.scala:109) ~[play_2.10-2.2.6.jar:2.2.6]
	at play.api.mvc.Action$$anonfun$apply$1$$anonfun$apply$4$$anonfun$apply$5.apply(Action.scala:109) ~[play_2.10-2.2.6.jar:2.2.6]
	at play.utils.Threads$.withContextClassLoader(Threads.scala:18) ~[play_2.10-2.2.6.jar:2.2.6]
	at play.api.mvc.Action$$anonfun$apply$1$$anonfun$apply$4.apply(Action.scala:108) ~[play_2.10-2.2.6.jar:2.2.6]
	at play.api.mvc.Action$$anonfun$apply$1$$anonfun$apply$4.apply(Action.scala:107) ~[play_2.10-2.2.6.jar:2.2.6]
	at scala.Option.map(Option.scala:145) ~[scala-library-2.10.4.jar:na]
	at play.api.mvc.Action$$anonfun$apply$1.apply(Action.scala:107) ~[play_2.10-2.2.6.jar:2.2.6]
	at play.api.mvc.Action$$anonfun$apply$1.apply(Action.scala:100) ~[play_2.10-2.2.6.jar:2.2.6]
	at play.api.libs.iteratee.Iteratee$$anonfun$mapM$1.apply(Iteratee.scala:481) ~[play-iteratees_2.10-2.2.6.jar:2.2.6]
	at play.api.libs.iteratee.Iteratee$$anonfun$mapM$1.apply(Iteratee.scala:481) ~[play-iteratees_2.10-2.2.6.jar:2.2.6]
	at play.api.libs.iteratee.Iteratee$$anonfun$flatMapM$1.apply(Iteratee.scala:517) ~[play-iteratees_2.10-2.2.6.jar:2.2.6]
	at play.api.libs.iteratee.Iteratee$$anonfun$flatMapM$1.apply(Iteratee.scala:517) ~[play-iteratees_2.10-2.2.6.jar:2.2.6]
	at play.api.libs.iteratee.Iteratee$$anonfun$flatMap$1$$anonfun$apply$13.apply(Iteratee.scala:493) ~[play-iteratees_2.10-2.2.6.jar:2.2.6]
	at play.api.libs.iteratee.Iteratee$$anonfun$flatMap$1$$anonfun$apply$13.apply(Iteratee.scala:493) ~[play-iteratees_2.10-2.2.6.jar:2.2.6]
	at scala.concurrent.impl.Future$PromiseCompletingRunnable.liftedTree1$1(Future.scala:24) [scala-library-2.10.4.jar:na]
	at scala.concurrent.impl.Future$PromiseCompletingRunnable.run(Future.scala:24) [scala-library-2.10.4.jar:na]
	... 6 common frames omitted
Caused by: java.lang.NoSuchMethodError: akka.util.Helpers$.ConfigOps(Lcom/typesafe/config/Config;)Lcom/typesafe/config/Config;
	at akka.remote.RemoteSettings.<init>(RemoteSettings.scala:48) ~[akka-remote_2.10-2.3.4-spark.jar:na]
	at akka.remote.RemoteActorRefProvider.<init>(RemoteActorRefProvider.scala:114) ~[akka-remote_2.10-2.3.4-spark.jar:na]
	at sun.reflect.NativeConstructorAccessorImpl.newInstance0(Native Method) ~[na:1.8.0]
	at sun.reflect.NativeConstructorAccessorImpl.newInstance(NativeConstructorAccessorImpl.java:62) ~[na:1.8.0]
	at sun.reflect.DelegatingConstructorAccessorImpl.newInstance(DelegatingConstructorAccessorImpl.java:45) ~[na:1.8.0]
	at java.lang.reflect.Constructor.newInstance(Constructor.java:408) ~[na:1.8.0]
	at akka.actor.ReflectiveDynamicAccess$$anonfun$createInstanceFor$2.apply(DynamicAccess.scala:78) ~[akka-actor_2.10-2.2.0.jar:2.2.0]
	at scala.util.Try$.apply(Try.scala:161) [scala-library-2.10.4.jar:na]
	at akka.actor.ReflectiveDynamicAccess.createInstanceFor(DynamicAccess.scala:73) ~[akka-actor_2.10-2.2.0.jar:2.2.0]
	at akka.actor.ReflectiveDynamicAccess$$anonfun$createInstanceFor$3.apply(DynamicAccess.scala:84) ~[akka-actor_2.10-2.2.0.jar:2.2.0]
	at akka.actor.ReflectiveDynamicAccess$$anonfun$createInstanceFor$3.apply(DynamicAccess.scala:84) ~[akka-actor_2.10-2.2.0.jar:2.2.0]
	at scala.util.Success.flatMap(Try.scala:200) ~[scala-library-2.10.4.jar:na]
	at akka.actor.ReflectiveDynamicAccess.createInstanceFor(DynamicAccess.scala:84) ~[akka-actor_2.10-2.2.0.jar:2.2.0]
	at akka.actor.ActorSystemImpl.<init>(ActorSystem.scala:550) ~[akka-actor_2.10-2.2.0.jar:2.2.0]
	at akka.actor.ActorSystem$.apply(ActorSystem.scala:111) ~[akka-actor_2.10-2.2.0.jar:2.2.0]
	at akka.actor.ActorSystem$.apply(ActorSystem.scala:104) ~[akka-actor_2.10-2.2.0.jar:2.2.0]
	at org.apache.spark.util.AkkaUtils$.org$apache$spark$util$AkkaUtils$$doCreateActorSystem(AkkaUtils.scala:122) ~[spark-core_2.10-1.4.1.jar:1.4.1]
	at org.apache.spark.util.AkkaUtils$$anonfun$1.apply(AkkaUtils.scala:54) ~[spark-core_2.10-1.4.1.jar:1.4.1]
	at org.apache.spark.util.AkkaUtils$$anonfun$1.apply(AkkaUtils.scala:53) ~[spark-core_2.10-1.4.1.jar:1.4.1]
	at org.apache.spark.util.Utils$$anonfun$startServiceOnPort$1.apply$mcVI$sp(Utils.scala:1991) ~[spark-core_2.10-1.4.1.jar:1.4.1]
	at scala.collection.immutable.Range.foreach$mVc$sp(Range.scala:141) ~[scala-library-2.10.4.jar:na]
	at org.apache.spark.util.Utils$.startServiceOnPort(Utils.scala:1982) ~[spark-core_2.10-1.4.1.jar:1.4.1]
	at org.apache.spark.util.AkkaUtils$.createActorSystem(AkkaUtils.scala:56) ~[spark-core_2.10-1.4.1.jar:1.4.1]
	at org.apache.spark.rpc.akka.AkkaRpcEnvFactory.create(AkkaRpcEnv.scala:245) ~[spark-core_2.10-1.4.1.jar:1.4.1]
	at org.apache.spark.rpc.RpcEnv$.create(RpcEnv.scala:52) ~[spark-core_2.10-1.4.1.jar:1.4.1]
	at org.apache.spark.SparkEnv$.create(SparkEnv.scala:247) ~[spark-core_2.10-1.4.1.jar:1.4.1]
	at org.apache.spark.SparkEnv$.createDriverEnv(SparkEnv.scala:188) ~[spark-core_2.10-1.4.1.jar:1.4.1]
	at org.apache.spark.SparkContext.createSparkEnv(SparkContext.scala:267) ~[spark-core_2.10-1.4.1.jar:1.4.1]
	at org.apache.spark.SparkContext.<init>(SparkContext.scala:424) ~[spark-core_2.10-1.4.1.jar:1.4.1]
	at controllers.SparkJar$$anonfun$job$1.apply(SparkJar.scala:108) ~[classes/:na]
	at controllers.SparkJar$$anonfun$job$1.apply(SparkJar.scala:104) ~[classes/:na]
	at play.api.mvc.ActionBuilder$$anonfun$apply$11.apply(Action.scala:255) ~[play_2.10-2.2.6.jar:2.2.6]
	at play.api.mvc.ActionBuilder$$anonfun$apply$11.apply(Action.scala:255) ~[play_2.10-2.2.6.jar:2.2.6]
	at play.api.mvc.ActionBuilder$$anonfun$apply$10.apply(Action.scala:221) ~[play_2.10-2.2.6.jar:2.2.6]
	at play.api.mvc.ActionBuilder$$anonfun$apply$10.apply(Action.scala:220) ~[play_2.10-2.2.6.jar:2.2.6]
	at play.api.mvc.Action$.invokeBlock(Action.scala:357) ~[play_2.10-2.2.6.jar:2.2.6]
	at play.api.mvc.ActionBuilder$$anon$1.apply(Action.scala:309) ~[play_2.10-2.2.6.jar:2.2.6]
	... 22 common frames omitted

2016-06-28 12:50:30,367 - [ERROR] - from application in play-akka.actor.default-dispatcher-16 


! @70h41o8gc - Internal server error, for (GET) [/job] ->

play.api.Application$$anon$1: Execution exception[[RuntimeException: java.lang.NoSuchMethodError: akka.util.Helpers$.ConfigOps(Lcom/typesafe/config/Config;)Lcom/typesafe/config/Config;]]
	at play.api.Application$class.handleError(Application.scala:293) ~[play_2.10-2.2.6.jar:2.2.6]
	at play.api.DefaultApplication.handleError(Application.scala:399) [play_2.10-2.2.6.jar:2.2.6]
	at play.core.server.netty.PlayDefaultUpstreamHandler$$anonfun$13$$anonfun$apply$1.applyOrElse(PlayDefaultUpstreamHandler.scala:170) [play_2.10-2.2.6.jar:2.2.6]
	at play.core.server.netty.PlayDefaultUpstreamHandler$$anonfun$13$$anonfun$apply$1.applyOrElse(PlayDefaultUpstreamHandler.scala:167) [play_2.10-2.2.6.jar:2.2.6]
	at scala.runtime.AbstractPartialFunction.apply(AbstractPartialFunction.scala:33) [scala-library-2.10.4.jar:na]
	at scala.util.Failure$$anonfun$recover$1.apply(Try.scala:185) [scala-library-2.10.4.jar:na]
	at scala.util.Try$.apply(Try.scala:161) [scala-library-2.10.4.jar:na]
	at scala.util.Failure.recover(Try.scala:185) [scala-library-2.10.4.jar:na]
	at scala.concurrent.Future$$anonfun$recover$1.apply(Future.scala:324) [scala-library-2.10.4.jar:na]
	at scala.concurrent.Future$$anonfun$recover$1.apply(Future.scala:324) [scala-library-2.10.4.jar:na]
	at scala.concurrent.impl.CallbackRunnable.run(Promise.scala:32) [scala-library-2.10.4.jar:na]
	at play.api.libs.iteratee.Execution$$anon$1.execute(Execution.scala:43) [play-iteratees_2.10-2.2.6.jar:2.2.6]
	at scala.concurrent.impl.CallbackRunnable.executeWithValue(Promise.scala:40) [scala-library-2.10.4.jar:na]
	at scala.concurrent.impl.Promise$DefaultPromise.tryComplete(Promise.scala:248) [scala-library-2.10.4.jar:na]
	at scala.concurrent.Promise$class.complete(Promise.scala:55) [scala-library-2.10.4.jar:na]
	at scala.concurrent.impl.Promise$DefaultPromise.complete(Promise.scala:153) [scala-library-2.10.4.jar:na]
	at scala.concurrent.Future$$anonfun$flatMap$1.apply(Future.scala:249) [scala-library-2.10.4.jar:na]
	at scala.concurrent.Future$$anonfun$flatMap$1.apply(Future.scala:249) [scala-library-2.10.4.jar:na]
	at scala.concurrent.impl.CallbackRunnable.run(Promise.scala:32) [scala-library-2.10.4.jar:na]
	at play.api.libs.iteratee.Execution$$anon$2.execute(Execution.scala:70) [play-iteratees_2.10-2.2.6.jar:2.2.6]
	at scala.concurrent.impl.CallbackRunnable.executeWithValue(Promise.scala:40) [scala-library-2.10.4.jar:na]
	at scala.concurrent.impl.Promise$DefaultPromise.tryComplete(Promise.scala:248) [scala-library-2.10.4.jar:na]
	at scala.concurrent.Promise$class.complete(Promise.scala:55) [scala-library-2.10.4.jar:na]
	at scala.concurrent.impl.Promise$DefaultPromise.complete(Promise.scala:153) [scala-library-2.10.4.jar:na]
	at scala.concurrent.impl.Future$PromiseCompletingRunnable.run(Future.scala:23) [scala-library-2.10.4.jar:na]
	at akka.dispatch.TaskInvocation.run(AbstractDispatcher.scala:42) [akka-actor_2.10-2.2.0.jar:2.2.0]
	at akka.dispatch.ForkJoinExecutorConfigurator$AkkaForkJoinTask.exec(AbstractDispatcher.scala:386) [akka-actor_2.10-2.2.0.jar:2.2.0]
	at scala.concurrent.forkjoin.ForkJoinTask.doExec(ForkJoinTask.java:260) [scala-library-2.10.4.jar:na]
	at scala.concurrent.forkjoin.ForkJoinPool$WorkQueue.runTask(ForkJoinPool.java:1339) [scala-library-2.10.4.jar:na]
	at scala.concurrent.forkjoin.ForkJoinPool.runWorker(ForkJoinPool.java:1979) [scala-library-2.10.4.jar:na]
	at scala.concurrent.forkjoin.ForkJoinWorkerThread.run(ForkJoinWorkerThread.java:107) [scala-library-2.10.4.jar:na]
Caused by: java.lang.RuntimeException: java.lang.NoSuchMethodError: akka.util.Helpers$.ConfigOps(Lcom/typesafe/config/Config;)Lcom/typesafe/config/Config;
	at play.api.mvc.ActionBuilder$$anon$1.apply(Action.scala:314) ~[play_2.10-2.2.6.jar:2.2.6]
	at play.api.mvc.Action$$anonfun$apply$1$$anonfun$apply$4$$anonfun$apply$5.apply(Action.scala:109) ~[play_2.10-2.2.6.jar:2.2.6]
	at play.api.mvc.Action$$anonfun$apply$1$$anonfun$apply$4$$anonfun$apply$5.apply(Action.scala:109) ~[play_2.10-2.2.6.jar:2.2.6]
	at play.utils.Threads$.withContextClassLoader(Threads.scala:18) ~[play_2.10-2.2.6.jar:2.2.6]
	at play.api.mvc.Action$$anonfun$apply$1$$anonfun$apply$4.apply(Action.scala:108) ~[play_2.10-2.2.6.jar:2.2.6]
	at play.api.mvc.Action$$anonfun$apply$1$$anonfun$apply$4.apply(Action.scala:107) ~[play_2.10-2.2.6.jar:2.2.6]
	at scala.Option.map(Option.scala:145) ~[scala-library-2.10.4.jar:na]
	at play.api.mvc.Action$$anonfun$apply$1.apply(Action.scala:107) ~[play_2.10-2.2.6.jar:2.2.6]
	at play.api.mvc.Action$$anonfun$apply$1.apply(Action.scala:100) ~[play_2.10-2.2.6.jar:2.2.6]
	at play.api.libs.iteratee.Iteratee$$anonfun$mapM$1.apply(Iteratee.scala:481) ~[play-iteratees_2.10-2.2.6.jar:2.2.6]
	at play.api.libs.iteratee.Iteratee$$anonfun$mapM$1.apply(Iteratee.scala:481) ~[play-iteratees_2.10-2.2.6.jar:2.2.6]
	at play.api.libs.iteratee.Iteratee$$anonfun$flatMapM$1.apply(Iteratee.scala:517) ~[play-iteratees_2.10-2.2.6.jar:2.2.6]
	at play.api.libs.iteratee.Iteratee$$anonfun$flatMapM$1.apply(Iteratee.scala:517) ~[play-iteratees_2.10-2.2.6.jar:2.2.6]
	at play.api.libs.iteratee.Iteratee$$anonfun$flatMap$1$$anonfun$apply$13.apply(Iteratee.scala:493) ~[play-iteratees_2.10-2.2.6.jar:2.2.6]
	at play.api.libs.iteratee.Iteratee$$anonfun$flatMap$1$$anonfun$apply$13.apply(Iteratee.scala:493) ~[play-iteratees_2.10-2.2.6.jar:2.2.6]
	at scala.concurrent.impl.Future$PromiseCompletingRunnable.liftedTree1$1(Future.scala:24) [scala-library-2.10.4.jar:na]
	at scala.concurrent.impl.Future$PromiseCompletingRunnable.run(Future.scala:24) [scala-library-2.10.4.jar:na]
	... 6 common frames omitted
Caused by: java.lang.NoSuchMethodError: akka.util.Helpers$.ConfigOps(Lcom/typesafe/config/Config;)Lcom/typesafe/config/Config;
	at akka.remote.RemoteSettings.<init>(RemoteSettings.scala:48) ~[akka-remote_2.10-2.3.4-spark.jar:na]
	at akka.remote.RemoteActorRefProvider.<init>(RemoteActorRefProvider.scala:114) ~[akka-remote_2.10-2.3.4-spark.jar:na]
	at sun.reflect.NativeConstructorAccessorImpl.newInstance0(Native Method) ~[na:1.8.0]
	at sun.reflect.NativeConstructorAccessorImpl.newInstance(NativeConstructorAccessorImpl.java:62) ~[na:1.8.0]
	at sun.reflect.DelegatingConstructorAccessorImpl.newInstance(DelegatingConstructorAccessorImpl.java:45) ~[na:1.8.0]
	at java.lang.reflect.Constructor.newInstance(Constructor.java:408) ~[na:1.8.0]
	at akka.actor.ReflectiveDynamicAccess$$anonfun$createInstanceFor$2.apply(DynamicAccess.scala:78) ~[akka-actor_2.10-2.2.0.jar:2.2.0]
	at scala.util.Try$.apply(Try.scala:161) [scala-library-2.10.4.jar:na]
	at akka.actor.ReflectiveDynamicAccess.createInstanceFor(DynamicAccess.scala:73) ~[akka-actor_2.10-2.2.0.jar:2.2.0]
	at akka.actor.ReflectiveDynamicAccess$$anonfun$createInstanceFor$3.apply(DynamicAccess.scala:84) ~[akka-actor_2.10-2.2.0.jar:2.2.0]
	at akka.actor.ReflectiveDynamicAccess$$anonfun$createInstanceFor$3.apply(DynamicAccess.scala:84) ~[akka-actor_2.10-2.2.0.jar:2.2.0]
	at scala.util.Success.flatMap(Try.scala:200) ~[scala-library-2.10.4.jar:na]
	at akka.actor.ReflectiveDynamicAccess.createInstanceFor(DynamicAccess.scala:84) ~[akka-actor_2.10-2.2.0.jar:2.2.0]
	at akka.actor.ActorSystemImpl.<init>(ActorSystem.scala:550) ~[akka-actor_2.10-2.2.0.jar:2.2.0]
	at akka.actor.ActorSystem$.apply(ActorSystem.scala:111) ~[akka-actor_2.10-2.2.0.jar:2.2.0]
	at akka.actor.ActorSystem$.apply(ActorSystem.scala:104) ~[akka-actor_2.10-2.2.0.jar:2.2.0]
	at org.apache.spark.util.AkkaUtils$.org$apache$spark$util$AkkaUtils$$doCreateActorSystem(AkkaUtils.scala:122) ~[spark-core_2.10-1.4.1.jar:1.4.1]
	at org.apache.spark.util.AkkaUtils$$anonfun$1.apply(AkkaUtils.scala:54) ~[spark-core_2.10-1.4.1.jar:1.4.1]
	at org.apache.spark.util.AkkaUtils$$anonfun$1.apply(AkkaUtils.scala:53) ~[spark-core_2.10-1.4.1.jar:1.4.1]
	at org.apache.spark.util.Utils$$anonfun$startServiceOnPort$1.apply$mcVI$sp(Utils.scala:1991) ~[spark-core_2.10-1.4.1.jar:1.4.1]
	at scala.collection.immutable.Range.foreach$mVc$sp(Range.scala:141) ~[scala-library-2.10.4.jar:na]
	at org.apache.spark.util.Utils$.startServiceOnPort(Utils.scala:1982) ~[spark-core_2.10-1.4.1.jar:1.4.1]
	at org.apache.spark.util.AkkaUtils$.createActorSystem(AkkaUtils.scala:56) ~[spark-core_2.10-1.4.1.jar:1.4.1]
	at org.apache.spark.rpc.akka.AkkaRpcEnvFactory.create(AkkaRpcEnv.scala:245) ~[spark-core_2.10-1.4.1.jar:1.4.1]
	at org.apache.spark.rpc.RpcEnv$.create(RpcEnv.scala:52) ~[spark-core_2.10-1.4.1.jar:1.4.1]
	at org.apache.spark.SparkEnv$.create(SparkEnv.scala:247) ~[spark-core_2.10-1.4.1.jar:1.4.1]
	at org.apache.spark.SparkEnv$.createDriverEnv(SparkEnv.scala:188) ~[spark-core_2.10-1.4.1.jar:1.4.1]
	at org.apache.spark.SparkContext.createSparkEnv(SparkContext.scala:267) ~[spark-core_2.10-1.4.1.jar:1.4.1]
	at org.apache.spark.SparkContext.<init>(SparkContext.scala:424) ~[spark-core_2.10-1.4.1.jar:1.4.1]
	at controllers.SparkJar$$anonfun$job$1.apply(SparkJar.scala:108) ~[classes/:na]
	at controllers.SparkJar$$anonfun$job$1.apply(SparkJar.scala:104) ~[classes/:na]
	at play.api.mvc.ActionBuilder$$anonfun$apply$11.apply(Action.scala:255) ~[play_2.10-2.2.6.jar:2.2.6]
	at play.api.mvc.ActionBuilder$$anonfun$apply$11.apply(Action.scala:255) ~[play_2.10-2.2.6.jar:2.2.6]
	at play.api.mvc.ActionBuilder$$anonfun$apply$10.apply(Action.scala:221) ~[play_2.10-2.2.6.jar:2.2.6]
	at play.api.mvc.ActionBuilder$$anonfun$apply$10.apply(Action.scala:220) ~[play_2.10-2.2.6.jar:2.2.6]
	at play.api.mvc.Action$.invokeBlock(Action.scala:357) ~[play_2.10-2.2.6.jar:2.2.6]
	at play.api.mvc.ActionBuilder$$anon$1.apply(Action.scala:309) ~[play_2.10-2.2.6.jar:2.2.6]
	... 22 common frames omitted

2016-06-28 12:51:44,170 - [INFO] - from play in play-internal-execution-context-3 
database [default] connected at jdbc:mysql://10.73.33.41/playdb?useUnicode=true&characterEncoding=utf-8

2016-06-28 12:51:44,175 - [INFO] - from play in play-internal-execution-context-3 
Application started (Dev)

2016-06-28 12:53:32,045 - [INFO] - from play in play-internal-execution-context-3 
database [default] connected at jdbc:mysql://10.73.33.41/playdb?useUnicode=true&characterEncoding=utf-8

2016-06-28 12:53:32,051 - [INFO] - from play in play-internal-execution-context-3 
Application started (Dev)

